{"level":"error","message":"\n\n\nUnable to deleteObject the Movie\n\nERROR: Error: Movie not Found"}
{"level":"error","message":"\n\n\nUnable to deleteObject the Movie\n\nERROR: Error: Movie not Found"}
{"level":"error","message":"\n\n\nUnable to deleteObject the Movie\n\nERROR: Error: Movie not Found"}
{"level":"error","message":"\n\n\nUnable to deleteObject the Movie\n\nERROR: Error: Movie not Found"}
{"level":"error","message":"\n\n\nUnable to deleteObject the Movie\n\nERROR: Error: Movie not Found"}
{"level":"error","message":"\n\n\nUnable to deleteObject the Movie\n\nERROR: Error: Movie not Found"}
{"level":"error","message":"\n\n\nUnable to deleteObject the Movie\n\nERROR: Error: Movie not Found"}
{"level":"error","message":"\n\n\nUnable to deleteObject the Movie\n\nERROR: Error: Movie not Found"}
{"level":"error","message":"\n\n\nUnable to deleteObject the Movie\n\nERROR: Error: Movie not Found"}
{"level":"error","message":"\n\n\nUnable to deleteObject the Movie\n\nERROR: Error: Movie not Found"}
{"level":"error","message":"\n\n\nUnable to deleteObject the Movie\n\nERROR: Error: Movie not Found"}
{"level":"error","message":"\n\n\nUnable to deleteObject the Movie\n\nERROR: Error: Movie not Found"}
{"level":"error","message":"\n\n\nUnable to deleteObject the Movie\n\nERROR: Error: Movie not Found"}
{"level":"error","message":"\n\n\nUnable to deleteObject the Movie\n\nERROR: Error: Movie not Found"}
{"level":"error","message":"\n\n\nUnable to deleteObject the Movie\n\nERROR: Error: Movie not Found"}
{"date":"Fri Dec 22 2023 15:25:14 GMT+0500 (Pakistan Standard Time)","error":{},"exception":true,"level":"error","message":"uncaughtException: sdfsdfs\nError: sdfsdfs\n    at Object.<anonymous> (C:\\Users\\hp\\OneDrive\\Desktop\\repos\\vidly-typescript\\dist\\index.js:36:7)\n    at Module._compile (node:internal/modules/cjs/loader:1376:14)\n    at Module._extensions..js (node:internal/modules/cjs/loader:1435:10)\n    at Module.load (node:internal/modules/cjs/loader:1207:32)\n    at Module._load (node:internal/modules/cjs/loader:1023:12)\n    at Function.executeUserEntryPoint [as runMain] (node:internal/modules/run_main:135:12)\n    at node:internal/main/run_main_module:28:49","os":{"loadavg":[0,0,0],"uptime":730798.906},"process":{"argv":["C:\\Program Files\\nodejs\\node.exe","C:\\Users\\hp\\OneDrive\\Desktop\\repos\\vidly-typescript\\dist\\index.js"],"cwd":"C:\\Users\\hp\\OneDrive\\Desktop\\repos\\vidly-typescript","execPath":"C:\\Program Files\\nodejs\\node.exe","gid":null,"memoryUsage":{"arrayBuffers":36508111,"external":38894194,"heapTotal":61546496,"heapUsed":39102208,"rss":89251840},"pid":14764,"uid":null,"version":"v20.10.0"},"stack":"Error: sdfsdfs\n    at Object.<anonymous> (C:\\Users\\hp\\OneDrive\\Desktop\\repos\\vidly-typescript\\dist\\index.js:36:7)\n    at Module._compile (node:internal/modules/cjs/loader:1376:14)\n    at Module._extensions..js (node:internal/modules/cjs/loader:1435:10)\n    at Module.load (node:internal/modules/cjs/loader:1207:32)\n    at Module._load (node:internal/modules/cjs/loader:1023:12)\n    at Function.executeUserEntryPoint [as runMain] (node:internal/modules/run_main:135:12)\n    at node:internal/main/run_main_module:28:49","trace":[{"column":7,"file":"C:\\Users\\hp\\OneDrive\\Desktop\\repos\\vidly-typescript\\dist\\index.js","function":null,"line":36,"method":null,"native":false},{"column":14,"file":"node:internal/modules/cjs/loader","function":"Module._compile","line":1376,"method":"_compile","native":false},{"column":10,"file":"node:internal/modules/cjs/loader","function":"Module._extensions..js","line":1435,"method":".js","native":false},{"column":32,"file":"node:internal/modules/cjs/loader","function":"Module.load","line":1207,"method":"load","native":false},{"column":12,"file":"node:internal/modules/cjs/loader","function":"Module._load","line":1023,"method":"_load","native":false},{"column":12,"file":"node:internal/modules/run_main","function":"Function.executeUserEntryPoint [as runMain]","line":135,"method":"executeUserEntryPoint [as runMain]","native":false},{"column":49,"file":"node:internal/main/run_main_module","function":null,"line":28,"method":null,"native":false}]}
{"date":"Fri Dec 22 2023 15:25:45 GMT+0500 (Pakistan Standard Time)","error":{},"exception":true,"level":"error","message":"uncaughtException: sdfsdfs\nError: sdfsdfs\n    at Object.<anonymous> (C:\\Users\\hp\\OneDrive\\Desktop\\repos\\vidly-typescript\\dist\\index.js:37:7)\n    at Module._compile (node:internal/modules/cjs/loader:1376:14)\n    at Module._extensions..js (node:internal/modules/cjs/loader:1435:10)\n    at Module.load (node:internal/modules/cjs/loader:1207:32)\n    at Module._load (node:internal/modules/cjs/loader:1023:12)\n    at Function.executeUserEntryPoint [as runMain] (node:internal/modules/run_main:135:12)\n    at node:internal/main/run_main_module:28:49","os":{"loadavg":[0,0,0],"uptime":730830.031},"process":{"argv":["C:\\Program Files\\nodejs\\node.exe","C:\\Users\\hp\\OneDrive\\Desktop\\repos\\vidly-typescript\\dist\\index.js"],"cwd":"C:\\Users\\hp\\OneDrive\\Desktop\\repos\\vidly-typescript","execPath":"C:\\Program Files\\nodejs\\node.exe","gid":null,"memoryUsage":{"arrayBuffers":36508111,"external":38894194,"heapTotal":61022208,"heapUsed":39090752,"rss":90918912},"pid":12388,"uid":null,"version":"v20.10.0"},"stack":"Error: sdfsdfs\n    at Object.<anonymous> (C:\\Users\\hp\\OneDrive\\Desktop\\repos\\vidly-typescript\\dist\\index.js:37:7)\n    at Module._compile (node:internal/modules/cjs/loader:1376:14)\n    at Module._extensions..js (node:internal/modules/cjs/loader:1435:10)\n    at Module.load (node:internal/modules/cjs/loader:1207:32)\n    at Module._load (node:internal/modules/cjs/loader:1023:12)\n    at Function.executeUserEntryPoint [as runMain] (node:internal/modules/run_main:135:12)\n    at node:internal/main/run_main_module:28:49","trace":[{"column":7,"file":"C:\\Users\\hp\\OneDrive\\Desktop\\repos\\vidly-typescript\\dist\\index.js","function":null,"line":37,"method":null,"native":false},{"column":14,"file":"node:internal/modules/cjs/loader","function":"Module._compile","line":1376,"method":"_compile","native":false},{"column":10,"file":"node:internal/modules/cjs/loader","function":"Module._extensions..js","line":1435,"method":".js","native":false},{"column":32,"file":"node:internal/modules/cjs/loader","function":"Module.load","line":1207,"method":"load","native":false},{"column":12,"file":"node:internal/modules/cjs/loader","function":"Module._load","line":1023,"method":"_load","native":false},{"column":12,"file":"node:internal/modules/run_main","function":"Function.executeUserEntryPoint [as runMain]","line":135,"method":"executeUserEntryPoint [as runMain]","native":false},{"column":49,"file":"node:internal/main/run_main_module","function":null,"line":28,"method":null,"native":false}]}
{"date":"Fri Dec 22 2023 15:26:10 GMT+0500 (Pakistan Standard Time)","error":{},"exception":true,"level":"error","message":"uncaughtException: sdfsdfs\nError: sdfsdfs\n    at Object.<anonymous> (C:\\Users\\hp\\OneDrive\\Desktop\\repos\\vidly-typescript\\dist\\index.js:37:7)\n    at Module._compile (node:internal/modules/cjs/loader:1376:14)\n    at Module._extensions..js (node:internal/modules/cjs/loader:1435:10)\n    at Module.load (node:internal/modules/cjs/loader:1207:32)\n    at Module._load (node:internal/modules/cjs/loader:1023:12)\n    at Function.executeUserEntryPoint [as runMain] (node:internal/modules/run_main:135:12)\n    at node:internal/main/run_main_module:28:49","os":{"loadavg":[0,0,0],"uptime":730855.484},"process":{"argv":["C:\\Program Files\\nodejs\\node.exe","C:\\Users\\hp\\OneDrive\\Desktop\\repos\\vidly-typescript\\dist\\index.js"],"cwd":"C:\\Users\\hp\\OneDrive\\Desktop\\repos\\vidly-typescript","execPath":"C:\\Program Files\\nodejs\\node.exe","gid":null,"memoryUsage":{"arrayBuffers":36508111,"external":38894194,"heapTotal":61284352,"heapUsed":39051080,"rss":91267072},"pid":6296,"uid":null,"version":"v20.10.0"},"stack":"Error: sdfsdfs\n    at Object.<anonymous> (C:\\Users\\hp\\OneDrive\\Desktop\\repos\\vidly-typescript\\dist\\index.js:37:7)\n    at Module._compile (node:internal/modules/cjs/loader:1376:14)\n    at Module._extensions..js (node:internal/modules/cjs/loader:1435:10)\n    at Module.load (node:internal/modules/cjs/loader:1207:32)\n    at Module._load (node:internal/modules/cjs/loader:1023:12)\n    at Function.executeUserEntryPoint [as runMain] (node:internal/modules/run_main:135:12)\n    at node:internal/main/run_main_module:28:49","trace":[{"column":7,"file":"C:\\Users\\hp\\OneDrive\\Desktop\\repos\\vidly-typescript\\dist\\index.js","function":null,"line":37,"method":null,"native":false},{"column":14,"file":"node:internal/modules/cjs/loader","function":"Module._compile","line":1376,"method":"_compile","native":false},{"column":10,"file":"node:internal/modules/cjs/loader","function":"Module._extensions..js","line":1435,"method":".js","native":false},{"column":32,"file":"node:internal/modules/cjs/loader","function":"Module.load","line":1207,"method":"load","native":false},{"column":12,"file":"node:internal/modules/cjs/loader","function":"Module._load","line":1023,"method":"_load","native":false},{"column":12,"file":"node:internal/modules/run_main","function":"Function.executeUserEntryPoint [as runMain]","line":135,"method":"executeUserEntryPoint [as runMain]","native":false},{"column":49,"file":"node:internal/main/run_main_module","function":null,"line":28,"method":null,"native":false}]}
{"level":"error","message":"\n\n\nUnable to deleteObject the Movie\n\nERROR: Error: Movie not Found"}
{"level":"error","message":"\n\n\nUnable to deleteObject the Movie\n\nERROR: Error: Movie not Found"}
{"level":"error","message":"\n\n\nUnable to deleteObject the Movie\n\nERROR: Error: Movie not Found"}
{"level":"error","message":"\n\n\nUnable to deleteObject the Movie\n\nERROR: Error: Movie not Found"}
{"level":"error","message":"\n\n\nUnable to deleteObject the Movie\n\nERROR: Error: Movie not Found"}
{"level":"error","message":"\n\n\nUnable to deleteObject the Movie\n\nERROR: Movie not Found Movie not Found","stack":"Error: Movie not Found\n    at throwException (C:\\Users\\hp\\OneDrive\\Desktop\\repos\\vidly-typescript\\dist\\helper\\index.js:25:11)\n    at C:\\Users\\hp\\OneDrive\\Desktop\\repos\\vidly-typescript\\dist\\routes\\movies.js:36:37\n    at process.processTicksAndRejections (node:internal/process/task_queues:95:5)\n    at async C:\\Users\\hp\\OneDrive\\Desktop\\repos\\vidly-typescript\\dist\\middleware\\asyncMiddlewareFunction.js:7:13"}
{"level":"error","message":"\n\n\nUnable to deleteObject the Movie\n\nERROR: Movie not Found Movie not Found","stack":"Error: Movie not Found\n    at throwException (C:\\Users\\hp\\OneDrive\\Desktop\\repos\\vidly-typescript\\dist\\helper\\index.js:25:11)\n    at C:\\Users\\hp\\OneDrive\\Desktop\\repos\\vidly-typescript\\dist\\routes\\movies.js:36:37\n    at process.processTicksAndRejections (node:internal/process/task_queues:95:5)\n    at async C:\\Users\\hp\\OneDrive\\Desktop\\repos\\vidly-typescript\\dist\\middleware\\asyncMiddlewareFunction.js:7:13"}
{"kind":"ObjectId","level":"error","message":"\n\n\nUnable to deleteObject the Movie\n\nERROR: Cast to ObjectId failed for value \"{ _id: '658150bf8ba3d0d125f9758' }\" (type Object) at path \"_id\" for model \"Movies\" Cast to ObjectId failed for value \"{ _id: '658150bf8ba3d0d125f9758' }\" (type Object) at path \"_id\" for model \"Movies\"","path":"_id","reason":{},"stack":"CastError: Cast to ObjectId failed for value \"{ _id: '658150bf8ba3d0d125f9758' }\" (type Object) at path \"_id\" for model \"Movies\"\n    at SchemaObjectId.cast (C:\\Users\\hp\\OneDrive\\Desktop\\repos\\vidly-typescript\\node_modules\\mongoose\\lib\\schema\\objectId.js:250:11)\n    at SchemaType.applySetters (C:\\Users\\hp\\OneDrive\\Desktop\\repos\\vidly-typescript\\node_modules\\mongoose\\lib\\schemaType.js:1219:12)\n    at SchemaType.castForQuery (C:\\Users\\hp\\OneDrive\\Desktop\\repos\\vidly-typescript\\node_modules\\mongoose\\lib\\schemaType.js:1633:15)\n    at cast (C:\\Users\\hp\\OneDrive\\Desktop\\repos\\vidly-typescript\\node_modules\\mongoose\\lib\\cast.js:304:34)\n    at Query.cast (C:\\Users\\hp\\OneDrive\\Desktop\\repos\\vidly-typescript\\node_modules\\mongoose\\lib\\query.js:4768:12)\n    at Query._castConditions (C:\\Users\\hp\\OneDrive\\Desktop\\repos\\vidly-typescript\\node_modules\\mongoose\\lib\\query.js:2200:10)\n    at model.Query._findOneAndDelete (C:\\Users\\hp\\OneDrive\\Desktop\\repos\\vidly-typescript\\node_modules\\mongoose\\lib\\query.js:3383:8)\n    at model.Query.exec (C:\\Users\\hp\\OneDrive\\Desktop\\repos\\vidly-typescript\\node_modules\\mongoose\\lib\\query.js:4290:80)\n    at process.processTicksAndRejections (node:internal/process/task_queues:95:5)\n    at async C:\\Users\\hp\\OneDrive\\Desktop\\repos\\vidly-typescript\\dist\\routes\\movies.js:34:20","stringValue":"\"{ _id: '658150bf8ba3d0d125f9758' }\"","value":{"_id":"658150bf8ba3d0d125f9758"},"valueType":"Object"}
{"level":"error","message":"\n\n\nUnable to deleteObject the Movie\n\nERROR: Movie not Found Movie not Found","stack":"Error: Movie not Found\n    at throwException (C:\\Users\\hp\\OneDrive\\Desktop\\repos\\vidly-typescript\\dist\\helper\\index.js:25:11)\n    at C:\\Users\\hp\\OneDrive\\Desktop\\repos\\vidly-typescript\\dist\\routes\\movies.js:36:37\n    at process.processTicksAndRejections (node:internal/process/task_queues:95:5)\n    at async C:\\Users\\hp\\OneDrive\\Desktop\\repos\\vidly-typescript\\dist\\middleware\\asyncMiddlewareFunction.js:7:13"}
{"level":"error","message":"\n\n\nUnable to deleteObject the Movie\n\nERROR: Movie not Found Movie not Found","stack":"Error: Movie not Found\n    at throwException (C:\\Users\\hp\\OneDrive\\Desktop\\repos\\vidly-typescript\\dist\\helper\\index.js:25:11)\n    at C:\\Users\\hp\\OneDrive\\Desktop\\repos\\vidly-typescript\\dist\\routes\\movies.js:36:37\n    at process.processTicksAndRejections (node:internal/process/task_queues:95:5)\n    at async C:\\Users\\hp\\OneDrive\\Desktop\\repos\\vidly-typescript\\dist\\middleware\\asyncMiddlewareFunction.js:7:13"}
{"level":"error","message":"\n\n\nUnable to deleteObject the Movie\n\nERROR: Movie not Found Movie not Found","stack":"Error: Movie not Found\n    at throwException (C:\\Users\\hp\\OneDrive\\Desktop\\repos\\vidly-typescript\\dist\\helper\\index.js:25:11)\n    at C:\\Users\\hp\\OneDrive\\Desktop\\repos\\vidly-typescript\\dist\\routes\\movies.js:36:37\n    at process.processTicksAndRejections (node:internal/process/task_queues:95:5)\n    at async C:\\Users\\hp\\OneDrive\\Desktop\\repos\\vidly-typescript\\dist\\middleware\\asyncMiddlewareFunction.js:7:13"}
{"kind":"ObjectId","level":"error","message":"\n\n\nUnable to deleteObject the Movie\n\nERROR: Cast to ObjectId failed for value \"{ _id: '658150bf8ba3d0d125f9756' }\" (type Object) at path \"_id\" for model \"Movies\" Cast to ObjectId failed for value \"{ _id: '658150bf8ba3d0d125f9756' }\" (type Object) at path \"_id\" for model \"Movies\"","path":"_id","reason":{},"stack":"CastError: Cast to ObjectId failed for value \"{ _id: '658150bf8ba3d0d125f9756' }\" (type Object) at path \"_id\" for model \"Movies\"\n    at SchemaObjectId.cast (C:\\Users\\hp\\OneDrive\\Desktop\\repos\\vidly-typescript\\node_modules\\mongoose\\lib\\schema\\objectId.js:250:11)\n    at SchemaType.applySetters (C:\\Users\\hp\\OneDrive\\Desktop\\repos\\vidly-typescript\\node_modules\\mongoose\\lib\\schemaType.js:1219:12)\n    at SchemaType.castForQuery (C:\\Users\\hp\\OneDrive\\Desktop\\repos\\vidly-typescript\\node_modules\\mongoose\\lib\\schemaType.js:1633:15)\n    at cast (C:\\Users\\hp\\OneDrive\\Desktop\\repos\\vidly-typescript\\node_modules\\mongoose\\lib\\cast.js:304:34)\n    at Query.cast (C:\\Users\\hp\\OneDrive\\Desktop\\repos\\vidly-typescript\\node_modules\\mongoose\\lib\\query.js:4768:12)\n    at Query._castConditions (C:\\Users\\hp\\OneDrive\\Desktop\\repos\\vidly-typescript\\node_modules\\mongoose\\lib\\query.js:2200:10)\n    at model.Query._findOneAndDelete (C:\\Users\\hp\\OneDrive\\Desktop\\repos\\vidly-typescript\\node_modules\\mongoose\\lib\\query.js:3383:8)\n    at model.Query.exec (C:\\Users\\hp\\OneDrive\\Desktop\\repos\\vidly-typescript\\node_modules\\mongoose\\lib\\query.js:4290:80)\n    at process.processTicksAndRejections (node:internal/process/task_queues:95:5)\n    at async C:\\Users\\hp\\OneDrive\\Desktop\\repos\\vidly-typescript\\dist\\routes\\movies.js:34:20","stringValue":"\"{ _id: '658150bf8ba3d0d125f9756' }\"","value":{"_id":"658150bf8ba3d0d125f9756"},"valueType":"Object"}
{"level":"error","message":"\n\n\nUnable to deleteObject the Movie\n\nERROR: Movie not Found Movie not Found","stack":"Error: Movie not Found\n    at throwException (C:\\Users\\hp\\OneDrive\\Desktop\\repos\\vidly-typescript\\dist\\helper\\index.js:25:11)\n    at C:\\Users\\hp\\OneDrive\\Desktop\\repos\\vidly-typescript\\dist\\routes\\movies.js:36:37\n    at process.processTicksAndRejections (node:internal/process/task_queues:95:5)\n    at async C:\\Users\\hp\\OneDrive\\Desktop\\repos\\vidly-typescript\\dist\\middleware\\asyncMiddlewareFunction.js:7:13"}
{"level":"error","message":"\n\n\nUnable to deleteObject the Movie\n\nERROR: Movie not Found Movie not Found","stack":"Error: Movie not Found\n    at throwException (C:\\Users\\hp\\OneDrive\\Desktop\\repos\\vidly-typescript\\dist\\helper\\index.js:25:11)\n    at C:\\Users\\hp\\OneDrive\\Desktop\\repos\\vidly-typescript\\dist\\routes\\movies.js:36:37\n    at process.processTicksAndRejections (node:internal/process/task_queues:95:5)\n    at async C:\\Users\\hp\\OneDrive\\Desktop\\repos\\vidly-typescript\\dist\\middleware\\asyncMiddlewareFunction.js:7:13"}
{"e":{},"level":"error","message":"\n\n\nUnable to deleteObject the Movie\n\nERROR: Movie not Found","text":"\nUnable to deleteObject the Movie\n"}
{"level":"error","message":"\n\n\nUnable to deleteObject the Movie\n\nERROR: Movie not Found"}
{"date":"Fri Dec 22 2023 16:15:16 GMT+0500 (Pakistan Standard Time)","error":{},"exception":true,"level":"error","message":"uncaughtException: sdsdfdfsdfsdfsdfsdfsdfsdfsdfsd\nError: sdsdfdfsdfsdfsdfsdfsdfsdfsdfsd\n    at Object.<anonymous> (C:\\Users\\hp\\OneDrive\\Desktop\\repos\\vidly-typescript\\dist\\index.js:42:7)\n    at Module._compile (node:internal/modules/cjs/loader:1376:14)\n    at Module._extensions..js (node:internal/modules/cjs/loader:1435:10)\n    at Module.load (node:internal/modules/cjs/loader:1207:32)\n    at Module._load (node:internal/modules/cjs/loader:1023:12)\n    at Function.executeUserEntryPoint [as runMain] (node:internal/modules/run_main:135:12)\n    at node:internal/main/run_main_module:28:49","os":{"loadavg":[0,0,0],"uptime":733801.843},"process":{"argv":["C:\\Program Files\\nodejs\\node.exe","C:\\Users\\hp\\OneDrive\\Desktop\\repos\\vidly-typescript\\dist\\index.js"],"cwd":"C:\\Users\\hp\\OneDrive\\Desktop\\repos\\vidly-typescript","execPath":"C:\\Program Files\\nodejs\\node.exe","gid":null,"memoryUsage":{"arrayBuffers":36508111,"external":38894194,"heapTotal":61284352,"heapUsed":39674416,"rss":92147712},"pid":2520,"uid":null,"version":"v20.10.0"},"stack":"Error: sdsdfdfsdfsdfsdfsdfsdfsdfsdfsd\n    at Object.<anonymous> (C:\\Users\\hp\\OneDrive\\Desktop\\repos\\vidly-typescript\\dist\\index.js:42:7)\n    at Module._compile (node:internal/modules/cjs/loader:1376:14)\n    at Module._extensions..js (node:internal/modules/cjs/loader:1435:10)\n    at Module.load (node:internal/modules/cjs/loader:1207:32)\n    at Module._load (node:internal/modules/cjs/loader:1023:12)\n    at Function.executeUserEntryPoint [as runMain] (node:internal/modules/run_main:135:12)\n    at node:internal/main/run_main_module:28:49","trace":[{"column":7,"file":"C:\\Users\\hp\\OneDrive\\Desktop\\repos\\vidly-typescript\\dist\\index.js","function":null,"line":42,"method":null,"native":false},{"column":14,"file":"node:internal/modules/cjs/loader","function":"Module._compile","line":1376,"method":"_compile","native":false},{"column":10,"file":"node:internal/modules/cjs/loader","function":"Module._extensions..js","line":1435,"method":".js","native":false},{"column":32,"file":"node:internal/modules/cjs/loader","function":"Module.load","line":1207,"method":"load","native":false},{"column":12,"file":"node:internal/modules/cjs/loader","function":"Module._load","line":1023,"method":"_load","native":false},{"column":12,"file":"node:internal/modules/run_main","function":"Function.executeUserEntryPoint [as runMain]","line":135,"method":"executeUserEntryPoint [as runMain]","native":false},{"column":49,"file":"node:internal/main/run_main_module","function":null,"line":28,"method":null,"native":false}]}
{"level":"error","message":"Unhandled Rejection is caught here"}
{"level":"error","message":"Unhandled Rejection is caught here"}
{"level":"error","message":"Unhandled Rejection is caught here"}
{"level":"error","message":"Unhandled Rejection is caught here"}
{"level":"error","message":"\n\n\nERROR: Cast to ObjectId failed for value \"1651\" (type string) at path \"_id\" for model \"Customer\""}
{"level":"error","message":"\n\n\nERROR: Cast to ObjectId failed for value \"1651\" (type string) at path \"_id\" for model \"Customer\""}
{"level":"error","message":"\n\n\nERROR: Cast to ObjectId failed for value \"658150bf8ba3d0d125f9756\" (type string) at path \"_id\" for model \"Movies\""}
{"level":"error","message":"\n\n\nERROR: Movie not Found"}
{"level":"error","message":"\n\n\nERROR: Cast to ObjectId failed for value \"s\" (type string) at path \"_id\" for model \"Movies\""}
{"level":"error","message":"\n\n\nERROR: invalid Email or Pasword"}
{"level":"error","message":"\n\n\nERROR: Id not Found"}
{"level":"error","message":"\n\n\nERROR: Id not Found"}
{"level":"error","message":"\n\n\nERROR: Id not Found"}
{"level":"error","message":"\n\n\nERROR: Id not Found"}
{"level":"error","message":"\n\n\nUnable to update the customer\n\nERROR: Cast to Boolean failed for value \"\" (type string) at path \"isGold\" because of \"CastError\""}
{"level":"error","message":"Unhandled Rejection is caught here"}
{"level":"error","message":"Unhandled Rejection is caught here"}
{"level":"error","message":"Unhandled Rejection is caught here"}
{"level":"error","message":"Unhandled Rejection is caught here"}
{"level":"error","message":"Unhandled Rejection is caught here"}
{"level":"error","message":"Unhandled Rejection is caught here"}
{"level":"error","message":"Unhandled Rejection is caught here"}
{"level":"error","message":"\n\n\nUnable to update the customer.\n\nERROR: Internal Server Error"}
{"level":"error","message":"\n\n\nUnable to update the customer.\n\nERROR: Internal Server Error"}
{"level":"error","message":"\n\n\nUnable to update the customer.\n\nERROR: Internal Server Error"}
{"level":"error","message":"\n\n\nUnable to update the customer.\n\nERROR: Internal Server Error"}
{"level":"error","message":"Unhandled Rejection is caught here"}
{"level":"error","message":"Unhandled Rejection is caught here"}
{"level":"error","message":"Unhandled Rejection is caught here"}
{"level":"error","message":"Unhandled Rejection is caught here"}
{"level":"error","message":"Unhandled Rejection is caught here"}
{"level":"error","message":"\n\n\nUnable to update the movie.\n\nERROR: Invalid Id"}
{"level":"info","message":"Connected to MongoDb"}
{"level":"info","message":"\nStartUp Done\n"}
{"level":"info","message":"Listening to 3000"}
{"level":"info","message":"Connected to MongoDb"}
{"level":"info","message":"\nStartUp Done\n"}
{"level":"info","message":"Listening to 3000"}
{"level":"info","message":"Connected to MongoDb"}
{"level":"info","message":"\nStartUp Done\n"}
{"level":"info","message":"Listening to 3000"}
{"level":"info","message":"\nStartUp Done\n"}
{"level":"info","message":"Connected to MongoDb"}
{"level":"info","message":"Listening to 3000"}
{"level":"info","message":"\nStartUp Done\n"}
{"level":"info","message":"Connected to MongoDb"}
{"level":"info","message":"Listening to 3000"}
{"level":"info","message":"\nStartUp Done\n"}
{"level":"info","message":"Connected to MongoDb"}
{"level":"info","message":"Listening to 3000"}
{"level":"info","message":"\nStartUp Done\n"}
{"level":"info","message":"Connected to MongoDb"}
{"level":"info","message":"Listening to 3000"}
{"level":"info","message":"\nStartUp Done\n"}
{"level":"info","message":"Connected to MongoDb"}
{"level":"info","message":"Listening to 3000"}
{"level":"info","message":"\nStartUp Done\n"}
{"level":"info","message":"Connected to MongoDb"}
{"level":"info","message":"Listening to 3000"}
{"level":"info","message":"\nStartUp Done\n"}
{"level":"info","message":"Connected to MongoDb"}
{"level":"info","message":"Listening to 3000"}
